2025-06-21::06:23:01: Script already running




2025-06-21::06:24:01: Script already running




2025-06-21::06:25:01: SELECT filename FROM uploads WHERE status = 1 ORDER BY id DESC LIMIT 1
2025-06-21::06:25:01: No pending file found (status = 1).




2025-06-21::06:26:01: Script already running




2025-06-21::06:27:01: SELECT filename FROM uploads WHERE status = 1 ORDER BY id DESC LIMIT 1
2025-06-21::06:27:01: /home/shivam/My-Portfolio/Portfolio/backend/uploads/random_userst.csv_79a5a01242b64931fc5288d160f54043
2025-06-21::06:27:15: CSV data imported into 'users' table.
2025-06-21::06:27:15: Upload status updated to 2.




2025-06-21::06:28:01: SELECT filename FROM uploads WHERE status = 1 ORDER BY id DESC LIMIT 1
2025-06-21::06:28:01: /home/shivam/My-Portfolio/Portfolio/backend/uploads/random_userst.csv_60e7913bc33ba2b2b19e57640cd1cd1b
2025-06-21::06:28:15: CSV data imported into 'users' table.
2025-06-21::06:28:15: Upload status updated to 2.




2025-06-21::06:29:01: SELECT filename FROM uploads WHERE status = 1 ORDER BY id DESC LIMIT 1
2025-06-21::06:29:01: /home/shivam/My-Portfolio/Portfolio/backend/uploads/random_userst.csv_22b47ff76209a2325c4dd648e2e79f66
2025-06-21::06:29:15: CSV data imported into 'users' table.
2025-06-21::06:29:15: Upload status updated to 2.




2025-06-21::06:30:01: SELECT filename FROM uploads WHERE status = 1 ORDER BY id DESC LIMIT 5
2025-06-21::06:30:01: /home/shivam/My-Portfolio/Portfolio/backend/uploads/random_userst.csv_01373c70685ef9a306eab15a324a0d7b
2025-06-21::06:30:14: CSV data imported into 'users' table.
2025-06-21::06:30:14: Upload status updated to 2.
2025-06-21::06:30:14: /home/shivam/My-Portfolio/Portfolio/backend/uploads/random_userst.csv_01373c70685ef9a306eab15a324a0d7b
2025-06-21::06:30:27: CSV data imported into 'users' table.
2025-06-21::06:30:27: Upload status updated to 2.
2025-06-21::06:30:27: /home/shivam/My-Portfolio/Portfolio/backend/uploads/random_userst.csv_d12160e1b7ab6bab183a15a0c407eb9b
2025-06-21::06:30:41: CSV data imported into 'users' table.
2025-06-21::06:30:41: Upload status updated to 2.




2025-06-21::06:31:01: SELECT filename FROM uploads WHERE status = 1 ORDER BY id DESC LIMIT 5
2025-06-21::06:31:01: No pending file found (status = 1).




2025-06-21::06:32:01: SELECT filename FROM uploads WHERE status = 1 ORDER BY id DESC LIMIT 5
2025-06-21::06:32:01: No pending file found (status = 1).




2025-06-21::06:33:01: SELECT filename FROM uploads WHERE status = 1 ORDER BY id DESC LIMIT 5
2025-06-21::06:33:01: No pending file found (status = 1).




2025-06-21::06:34:01: SELECT filename FROM uploads WHERE status = 1 ORDER BY id DESC LIMIT 5
2025-06-21::06:34:01: No pending file found (status = 1).




2025-06-21::06:35:01: SELECT filename FROM uploads WHERE status = 1 ORDER BY id DESC LIMIT 5
2025-06-21::06:35:01: No pending file found (status = 1).




2025-06-21::06:36:01: SELECT filename FROM uploads WHERE status = 1 ORDER BY id DESC LIMIT 5
2025-06-21::06:36:01: /home/shivam/My-Portfolio/Portfolio/backend/uploads/random_usersx.csv_685652a0493d4
2025-06-21::06:36:01: CSV data imported into 'users' table.
2025-06-21::06:36:01: Upload status updated to 2.
2025-06-21::06:36:01: /home/shivam/My-Portfolio/Portfolio/backend/uploads/random_usersx.csv_6856529f9aa2f
2025-06-21::06:36:01: CSV data imported into 'users' table.
2025-06-21::06:36:01: Upload status updated to 2.




2025-06-21::06:37:01: SELECT filename FROM uploads WHERE status = 1 ORDER BY id DESC LIMIT 5
2025-06-21::06:37:01: No pending file found (status = 1).




2025-06-21::06:38:01: SELECT filename FROM uploads WHERE status = 1 ORDER BY id DESC LIMIT 5
2025-06-21::06:38:01: No pending file found (status = 1).




2025-06-21::06:39:01: SELECT filename FROM uploads WHERE status = 1 ORDER BY id DESC LIMIT 5
2025-06-21::06:39:01: No pending file found (status = 1).




2025-06-21::06:40:01: SELECT filename FROM uploads WHERE status = 1 ORDER BY id DESC LIMIT 5
2025-06-21::06:40:01: No pending file found (status = 1).




2025-06-21::06:41:01: SELECT filename FROM uploads WHERE status = 1 ORDER BY id DESC LIMIT 5
2025-06-21::06:41:01: No pending file found (status = 1).




2025-06-21::06:42:01: SELECT filename FROM uploads WHERE status = 1 ORDER BY id DESC LIMIT 5
2025-06-21::06:42:01: No pending file found (status = 1).




2025-06-21::06:43:01: SELECT filename FROM uploads WHERE status = 1 ORDER BY id DESC LIMIT 5
2025-06-21::06:43:01: No pending file found (status = 1).



usecase
technicallity
future
2025-06-21::06:44:01: SELECT filename FROM uploads WHERE status = 1 ORDER BY id DESC LIMIT 5
2025-06-21::06:44:01: No pending file found (status = 1).




2025-06-21::06:45:01: SELECT filename FROM uploads WHERE status = 1 ORDER BY id DESC LIMIT 5
2025-06-21::06:45:01: /home/shivam/My-Portfolio/Portfolio/backend/uploads/random_usersx.csv_685654ddd9e94
2025-06-21::06:45:01: CSV data imported into 'users' table.
2025-06-21::06:45:01: Upload status updated to 2.
2025-06-21::06:45:01: /home/shivam/My-Portfolio/Portfolio/backend/uploads/random_usersx.csv_685654dd3aa61
2025-06-21::06:45:01: CSV data imported into 'users' table.
2025-06-21::06:45:01: Upload status updated to 2.
2025-06-21::06:45:01: /home/shivam/My-Portfolio/Portfolio/backend/uploads/random_usersx.csv_685654dcacdcb
2025-06-21::06:45:01: CSV data imported into 'users' table.
2025-06-21::06:45:01: Upload status updated to 2.
2025-06-21::06:45:01: /home/shivam/My-Portfolio/Portfolio/backend/uploads/random_usersx.csv_685654dc1eb0b
2025-06-21::06:45:01: CSV data imported into 'users' table.
2025-06-21::06:45:01: Upload status updated to 2.
2025-06-21::06:45:01: /home/shivam/My-Portfolio/Portfolio/backend/uploads/random_usersx.csv_685654db8ff07
2025-06-21::06:45:01: CSV data imported into 'users' table.
2025-06-21::06:45:01: Upload status updated to 2.




2025-06-21::06:46:01: SELECT filename FROM uploads WHERE status = 1 ORDER BY id DESC LIMIT 5
2025-06-21::06:46:01: No pending file found (status = 1).




2025-06-21::07:29:33: SELECT filename FROM uploads WHERE status = 1 ORDER BY id DESC LIMIT 5
2025-06-21::07:29:33: No pending file found (status = 1).




2025-06-21::07:30:01: Script already running




2025-06-21::07:31:01: SELECT filename FROM uploads WHERE status = 1 ORDER BY id DESC LIMIT 5
2025-06-21::07:31:01: No pending file found (status = 1).




2025-06-21::07:32:01: SELECT filename FROM uploads WHERE status = 1 ORDER BY id DESC LIMIT 5
2025-06-21::07:32:01: No pending file found (status = 1).




2025-06-21::07:33:01: SELECT filename FROM uploads WHERE status = 1 ORDER BY id DESC LIMIT 5
2025-06-21::07:33:01: No pending file found (status = 1).




2025-06-21::07:34:01: SELECT filename FROM uploads WHERE status = 1 ORDER BY id DESC LIMIT 5
2025-06-21::07:34:01: No pending file found (status = 1).




2025-06-21::07:35:01: SELECT filename FROM uploads WHERE status = 1 ORDER BY id DESC LIMIT 5
2025-06-21::07:35:01: No pending file found (status = 1).




2025-06-21::07:36:01: SELECT filename FROM uploads WHERE status = 1 ORDER BY id DESC LIMIT 5
2025-06-21::07:36:01: No pending file found (status = 1).




2025-06-21::07:37:01: SELECT filename FROM uploads WHERE status = 1 ORDER BY id DESC LIMIT 5
2025-06-21::07:37:01: No pending file found (status = 1).




2025-06-21::07:38:01: SELECT filename FROM uploads WHERE status = 1 ORDER BY id DESC LIMIT 5
2025-06-21::07:38:01: No pending file found (status = 1).




2025-06-21::07:39:01: SELECT filename FROM uploads WHERE status = 1 ORDER BY id DESC LIMIT 5
2025-06-21::07:39:01: No pending file found (status = 1).




2025-06-21::07:40:01: SELECT filename FROM uploads WHERE status = 1 ORDER BY id DESC LIMIT 5
2025-06-21::07:40:01: No pending file found (status = 1).




2025-06-21::07:41:01: SELECT filename FROM uploads WHERE status = 1 ORDER BY id DESC LIMIT 5
2025-06-21::07:41:01: No pending file found (status = 1).




2025-06-21::07:42:01: SELECT filename FROM uploads WHERE status = 1 ORDER BY id DESC LIMIT 5
2025-06-21::07:42:01: No pending file found (status = 1).




2025-06-21::07:43:01: SELECT filename FROM uploads WHERE status = 1 ORDER BY id DESC LIMIT 5
2025-06-21::07:43:01: No pending file found (status = 1).




2025-06-21::07:44:01: SELECT filename FROM uploads WHERE status = 1 ORDER BY id DESC LIMIT 5
2025-06-21::07:44:01: No pending file found (status = 1).




2025-06-21::07:45:01: SELECT filename FROM uploads WHERE status = 1 ORDER BY id DESC LIMIT 5
2025-06-21::07:45:01: No pending file found (status = 1).




2025-06-21::07:46:01: SELECT filename FROM uploads WHERE status = 1 ORDER BY id DESC LIMIT 5
2025-06-21::07:46:01: No pending file found (status = 1).




2025-06-21::07:47:01: SELECT filename FROM uploads WHERE status = 1 ORDER BY id DESC LIMIT 5
2025-06-21::07:47:01: No pending file found (status = 1).




2025-06-21::07:48:01: SELECT filename FROM uploads WHERE status = 1 ORDER BY id DESC LIMIT 5
2025-06-21::07:48:01: No pending file found (status = 1).




2025-06-21::07:49:01: SELECT filename FROM uploads WHERE status = 1 ORDER BY id DESC LIMIT 5
2025-06-21::07:49:01: No pending file found (status = 1).




2025-06-21::07:50:01: SELECT filename FROM uploads WHERE status = 1 ORDER BY id DESC LIMIT 5
2025-06-21::07:50:01: No pending file found (status = 1).




2025-06-21::07:51:01: SELECT filename FROM uploads WHERE status = 1 ORDER BY id DESC LIMIT 5
2025-06-21::07:51:01: No pending file found (status = 1).




2025-06-21::07:52:01: SELECT filename FROM uploads WHERE status = 1 ORDER BY id DESC LIMIT 5
2025-06-21::07:52:01: No pending file found (status = 1).




2025-06-21::07:53:01: SELECT filename FROM uploads WHERE status = 1 ORDER BY id DESC LIMIT 5
2025-06-21::07:53:01: No pending file found (status = 1).




2025-06-21::07:54:01: SELECT filename FROM uploads WHERE status = 1 ORDER BY id DESC LIMIT 5
2025-06-21::07:54:01: No pending file found (status = 1).




2025-06-21::07:55:01: SELECT filename FROM uploads WHERE status = 1 ORDER BY id DESC LIMIT 5
2025-06-21::07:55:01: No pending file found (status = 1).




2025-06-21::07:56:01: SELECT filename FROM uploads WHERE status = 1 ORDER BY id DESC LIMIT 5
2025-06-21::07:56:01: No pending file found (status = 1).




2025-06-21::07:57:01: SELECT filename FROM uploads WHERE status = 1 ORDER BY id DESC LIMIT 5
2025-06-21::07:57:01: No pending file found (status = 1).




2025-06-21::07:58:01: SELECT filename FROM uploads WHERE status = 1 ORDER BY id DESC LIMIT 5
2025-06-21::07:58:01: No pending file found (status = 1).




2025-06-21::07:59:01: SELECT filename FROM uploads WHERE status = 1 ORDER BY id DESC LIMIT 5
2025-06-21::07:59:01: No pending file found (status = 1).




2025-06-21::08:00:02: SELECT filename FROM uploads WHERE status = 1 ORDER BY id DESC LIMIT 5
2025-06-21::08:00:02: No pending file found (status = 1).




2025-06-21::08:01:01: SELECT filename FROM uploads WHERE status = 1 ORDER BY id DESC LIMIT 5
2025-06-21::08:01:01: No pending file found (status = 1).




2025-06-21::08:02:01: SELECT filename FROM uploads WHERE status = 1 ORDER BY id DESC LIMIT 5
2025-06-21::08:02:01: No pending file found (status = 1).




2025-06-21::08:03:01: SELECT filename FROM uploads WHERE status = 1 ORDER BY id DESC LIMIT 5
2025-06-21::08:03:01: No pending file found (status = 1).




2025-06-21::08:04:01: SELECT filename FROM uploads WHERE status = 1 ORDER BY id DESC LIMIT 5
2025-06-21::08:04:01: No pending file found (status = 1).




2025-06-21::08:05:01: SELECT filename FROM uploads WHERE status = 1 ORDER BY id DESC LIMIT 5
2025-06-21::08:05:01: No pending file found (status = 1).




2025-06-21::08:06:01: SELECT filename FROM uploads WHERE status = 1 ORDER BY id DESC LIMIT 5
2025-06-21::08:06:01: No pending file found (status = 1).




2025-06-21::08:07:01: SELECT filename FROM uploads WHERE status = 1 ORDER BY id DESC LIMIT 5
2025-06-21::08:07:01: No pending file found (status = 1).




2025-06-21::08:08:01: SELECT filename FROM uploads WHERE status = 1 ORDER BY id DESC LIMIT 5
2025-06-21::08:08:01: No pending file found (status = 1).




2025-06-21::08:09:01: SELECT filename FROM uploads WHERE status = 1 ORDER BY id DESC LIMIT 5
2025-06-21::08:09:01: No pending file found (status = 1).




2025-06-21::08:10:01: SELECT filename FROM uploads WHERE status = 1 ORDER BY id DESC LIMIT 5
2025-06-21::08:10:01: No pending file found (status = 1).




2025-06-21::08:11:01: SELECT filename FROM uploads WHERE status = 1 ORDER BY id DESC LIMIT 5
2025-06-21::08:11:01: No pending file found (status = 1).




2025-06-21::08:12:01: SELECT filename FROM uploads WHERE status = 1 ORDER BY id DESC LIMIT 5
2025-06-21::08:12:01: No pending file found (status = 1).




2025-06-21::08:13:01: SELECT filename FROM uploads WHERE status = 1 ORDER BY id DESC LIMIT 5
2025-06-21::08:13:01: No pending file found (status = 1).




2025-06-21::08:14:01: SELECT filename FROM uploads WHERE status = 1 ORDER BY id DESC LIMIT 5
2025-06-21::08:14:01: No pending file found (status = 1).




2025-06-21::08:15:01: SELECT filename FROM uploads WHERE status = 1 ORDER BY id DESC LIMIT 5
2025-06-21::08:15:01: No pending file found (status = 1).




2025-06-21::08:16:01: SELECT filename FROM uploads WHERE status = 1 ORDER BY id DESC LIMIT 5
2025-06-21::08:16:01: No pending file found (status = 1).




2025-06-21::08:17:01: SELECT filename FROM uploads WHERE status = 1 ORDER BY id DESC LIMIT 5
2025-06-21::08:17:01: No pending file found (status = 1).




2025-06-21::08:18:01: SELECT filename FROM uploads WHERE status = 1 ORDER BY id DESC LIMIT 5
2025-06-21::08:18:01: No pending file found (status = 1).




2025-06-21::08:19:01: SELECT filename FROM uploads WHERE status = 1 ORDER BY id DESC LIMIT 5
2025-06-21::08:19:01: No pending file found (status = 1).




2025-06-21::08:20:01: SELECT filename FROM uploads WHERE status = 1 ORDER BY id DESC LIMIT 5
2025-06-21::08:20:01: No pending file found (status = 1).




2025-06-21::08:21:01: SELECT filename FROM uploads WHERE status = 1 ORDER BY id DESC LIMIT 5
2025-06-21::08:21:01: No pending file found (status = 1).




2025-06-21::08:22:01: SELECT filename FROM uploads WHERE status = 1 ORDER BY id DESC LIMIT 5
2025-06-21::08:22:01: No pending file found (status = 1).




2025-06-21::08:23:01: SELECT filename FROM uploads WHERE status = 1 ORDER BY id DESC LIMIT 5
2025-06-21::08:23:01: No pending file found (status = 1).




2025-06-21::08:24:01: SELECT filename FROM uploads WHERE status = 1 ORDER BY id DESC LIMIT 5
2025-06-21::08:24:01: No pending file found (status = 1).




2025-06-21::08:25:01: SELECT filename FROM uploads WHERE status = 1 ORDER BY id DESC LIMIT 5
2025-06-21::08:25:01: No pending file found (status = 1).




2025-06-21::08:26:01: SELECT filename FROM uploads WHERE status = 1 ORDER BY id DESC LIMIT 5
2025-06-21::08:26:01: No pending file found (status = 1).




2025-06-21::08:27:01: SELECT filename FROM uploads WHERE status = 1 ORDER BY id DESC LIMIT 5
2025-06-21::08:27:01: No pending file found (status = 1).




2025-06-21::08:28:01: SELECT filename FROM uploads WHERE status = 1 ORDER BY id DESC LIMIT 5
2025-06-21::08:28:01: No pending file found (status = 1).




2025-06-21::08:29:01: SELECT filename FROM uploads WHERE status = 1 ORDER BY id DESC LIMIT 5
2025-06-21::08:29:01: No pending file found (status = 1).




2025-06-21::08:30:01: SELECT filename FROM uploads WHERE status = 1 ORDER BY id DESC LIMIT 5
2025-06-21::08:30:01: No pending file found (status = 1).




2025-06-21::08:31:02: SELECT filename FROM uploads WHERE status = 1 ORDER BY id DESC LIMIT 5
2025-06-21::08:31:02: No pending file found (status = 1).




2025-06-21::08:32:01: SELECT filename FROM uploads WHERE status = 1 ORDER BY id DESC LIMIT 5
2025-06-21::08:32:01: No pending file found (status = 1).




2025-06-21::08:33:01: SELECT filename FROM uploads WHERE status = 1 ORDER BY id DESC LIMIT 5
2025-06-21::08:33:01: No pending file found (status = 1).




2025-06-21::08:34:01: SELECT filename FROM uploads WHERE status = 1 ORDER BY id DESC LIMIT 5
2025-06-21::08:34:01: No pending file found (status = 1).




2025-06-21::08:35:01: SELECT filename FROM uploads WHERE status = 1 ORDER BY id DESC LIMIT 5
2025-06-21::08:35:01: No pending file found (status = 1).




2025-06-21::08:36:01: SELECT filename FROM uploads WHERE status = 1 ORDER BY id DESC LIMIT 5
2025-06-21::08:36:01: No pending file found (status = 1).




2025-06-21::08:37:01: SELECT filename FROM uploads WHERE status = 1 ORDER BY id DESC LIMIT 5
2025-06-21::08:37:01: No pending file found (status = 1).




2025-06-21::08:38:01: SELECT filename FROM uploads WHERE status = 1 ORDER BY id DESC LIMIT 5
2025-06-21::08:38:01: No pending file found (status = 1).




2025-06-21::08:39:01: SELECT filename FROM uploads WHERE status = 1 ORDER BY id DESC LIMIT 5
2025-06-21::08:39:01: No pending file found (status = 1).




2025-06-21::08:40:01: SELECT filename FROM uploads WHERE status = 1 ORDER BY id DESC LIMIT 5
2025-06-21::08:40:01: No pending file found (status = 1).




2025-06-21::08:41:01: SELECT filename FROM uploads WHERE status = 1 ORDER BY id DESC LIMIT 5
2025-06-21::08:41:01: No pending file found (status = 1).




2025-06-21::08:42:01: SELECT filename FROM uploads WHERE status = 1 ORDER BY id DESC LIMIT 5
2025-06-21::08:42:01: No pending file found (status = 1).




2025-06-21::08:43:01: SELECT filename FROM uploads WHERE status = 1 ORDER BY id DESC LIMIT 5
2025-06-21::08:43:01: No pending file found (status = 1).




2025-06-21::08:44:01: SELECT filename FROM uploads WHERE status = 1 ORDER BY id DESC LIMIT 5
2025-06-21::08:44:01: No pending file found (status = 1).




2025-06-21::08:45:01: SELECT filename FROM uploads WHERE status = 1 ORDER BY id DESC LIMIT 5
2025-06-21::08:45:01: No pending file found (status = 1).




2025-06-21::08:46:01: SELECT filename FROM uploads WHERE status = 1 ORDER BY id DESC LIMIT 5
2025-06-21::08:46:01: No pending file found (status = 1).




2025-06-21::08:47:01: SELECT filename FROM uploads WHERE status = 1 ORDER BY id DESC LIMIT 5
2025-06-21::08:47:01: No pending file found (status = 1).




2025-06-21::08:48:01: SELECT filename FROM uploads WHERE status = 1 ORDER BY id DESC LIMIT 5
2025-06-21::08:48:01: No pending file found (status = 1).




2025-06-21::08:49:01: SELECT filename FROM uploads WHERE status = 1 ORDER BY id DESC LIMIT 5
2025-06-21::08:49:01: No pending file found (status = 1).




2025-06-21::08:50:01: SELECT filename FROM uploads WHERE status = 1 ORDER BY id DESC LIMIT 5
2025-06-21::08:50:01: No pending file found (status = 1).




2025-06-21::08:51:01: SELECT filename FROM uploads WHERE status = 1 ORDER BY id DESC LIMIT 5
2025-06-21::08:51:01: No pending file found (status = 1).




2025-06-21::08:52:01: SELECT filename FROM uploads WHERE status = 1 ORDER BY id DESC LIMIT 5
2025-06-21::08:52:01: No pending file found (status = 1).




2025-06-21::08:53:01: SELECT filename FROM uploads WHERE status = 1 ORDER BY id DESC LIMIT 5
2025-06-21::08:53:01: No pending file found (status = 1).




2025-06-21::08:54:01: SELECT filename FROM uploads WHERE status = 1 ORDER BY id DESC LIMIT 5
2025-06-21::08:54:01: No pending file found (status = 1).




2025-06-21::08:55:01: SELECT filename FROM uploads WHERE status = 1 ORDER BY id DESC LIMIT 5
2025-06-21::08:55:01: No pending file found (status = 1).




2025-06-21::08:56:01: SELECT filename FROM uploads WHERE status = 1 ORDER BY id DESC LIMIT 5
2025-06-21::08:56:01: No pending file found (status = 1).




2025-06-21::08:57:01: SELECT filename FROM uploads WHERE status = 1 ORDER BY id DESC LIMIT 5
2025-06-21::08:57:01: No pending file found (status = 1).




2025-06-21::08:58:01: SELECT filename FROM uploads WHERE status = 1 ORDER BY id DESC LIMIT 5
2025-06-21::08:58:01: No pending file found (status = 1).




2025-06-21::08:59:02: SELECT filename FROM uploads WHERE status = 1 ORDER BY id DESC LIMIT 5
2025-06-21::08:59:02: No pending file found (status = 1).




2025-06-21::09:00:01: SELECT filename FROM uploads WHERE status = 1 ORDER BY id DESC LIMIT 5
2025-06-21::09:00:01: No pending file found (status = 1).




2025-06-21::09:01:01: SELECT filename FROM uploads WHERE status = 1 ORDER BY id DESC LIMIT 5
2025-06-21::09:01:01: No pending file found (status = 1).




2025-06-21::09:02:01: SELECT filename FROM uploads WHERE status = 1 ORDER BY id DESC LIMIT 5
2025-06-21::09:02:01: No pending file found (status = 1).




2025-06-21::09:03:01: SELECT filename FROM uploads WHERE status = 1 ORDER BY id DESC LIMIT 5
2025-06-21::09:03:01: No pending file found (status = 1).




2025-06-21::09:04:01: SELECT filename FROM uploads WHERE status = 1 ORDER BY id DESC LIMIT 5
2025-06-21::09:04:01: No pending file found (status = 1).




2025-06-21::09:05:01: SELECT filename FROM uploads WHERE status = 1 ORDER BY id DESC LIMIT 5
2025-06-21::09:05:01: No pending file found (status = 1).




2025-06-21::09:06:01: SELECT filename FROM uploads WHERE status = 1 ORDER BY id DESC LIMIT 5
2025-06-21::09:06:01: No pending file found (status = 1).




2025-06-21::09:07:01: SELECT filename FROM uploads WHERE status = 1 ORDER BY id DESC LIMIT 5
2025-06-21::09:07:01: No pending file found (status = 1).




2025-06-21::09:08:01: SELECT filename FROM uploads WHERE status = 1 ORDER BY id DESC LIMIT 5
2025-06-21::09:08:01: No pending file found (status = 1).




2025-06-21::09:09:01: SELECT filename FROM uploads WHERE status = 1 ORDER BY id DESC LIMIT 5
2025-06-21::09:09:01: No pending file found (status = 1).




2025-06-21::09:10:01: SELECT filename FROM uploads WHERE status = 1 ORDER BY id DESC LIMIT 5
2025-06-21::09:10:01: No pending file found (status = 1).




2025-06-21::09:11:01: SELECT filename FROM uploads WHERE status = 1 ORDER BY id DESC LIMIT 5
2025-06-21::09:11:01: No pending file found (status = 1).




2025-06-21::09:12:01: SELECT filename FROM uploads WHERE status = 1 ORDER BY id DESC LIMIT 5
2025-06-21::09:12:01: No pending file found (status = 1).




2025-06-21::09:13:01: SELECT filename FROM uploads WHERE status = 1 ORDER BY id DESC LIMIT 5
2025-06-21::09:13:01: No pending file found (status = 1).




2025-06-21::09:14:01: SELECT filename FROM uploads WHERE status = 1 ORDER BY id DESC LIMIT 5
2025-06-21::09:14:01: No pending file found (status = 1).




2025-06-21::09:15:01: SELECT filename FROM uploads WHERE status = 1 ORDER BY id DESC LIMIT 5
2025-06-21::09:15:01: No pending file found (status = 1).




2025-06-21::09:16:01: SELECT filename FROM uploads WHERE status = 1 ORDER BY id DESC LIMIT 5
2025-06-21::09:16:01: No pending file found (status = 1).




2025-06-21::09:17:01: SELECT filename FROM uploads WHERE status = 1 ORDER BY id DESC LIMIT 5
2025-06-21::09:17:01: No pending file found (status = 1).




2025-06-21::09:18:01: SELECT filename FROM uploads WHERE status = 1 ORDER BY id DESC LIMIT 5
2025-06-21::09:18:01: No pending file found (status = 1).




2025-06-21::09:19:01: SELECT filename FROM uploads WHERE status = 1 ORDER BY id DESC LIMIT 5
2025-06-21::09:19:01: No pending file found (status = 1).




2025-06-21::09:20:01: SELECT filename FROM uploads WHERE status = 1 ORDER BY id DESC LIMIT 5
2025-06-21::09:20:01: No pending file found (status = 1).




2025-06-21::09:21:01: SELECT filename FROM uploads WHERE status = 1 ORDER BY id DESC LIMIT 5
2025-06-21::09:21:01: No pending file found (status = 1).




2025-06-21::09:22:01: SELECT filename FROM uploads WHERE status = 1 ORDER BY id DESC LIMIT 5
2025-06-21::09:22:01: No pending file found (status = 1).




2025-06-21::09:23:01: SELECT filename FROM uploads WHERE status = 1 ORDER BY id DESC LIMIT 5
2025-06-21::09:23:01: No pending file found (status = 1).




2025-06-21::09:24:01: SELECT filename FROM uploads WHERE status = 1 ORDER BY id DESC LIMIT 5
2025-06-21::09:24:01: No pending file found (status = 1).




2025-06-21::09:25:01: SELECT filename FROM uploads WHERE status = 1 ORDER BY id DESC LIMIT 5
2025-06-21::09:25:01: No pending file found (status = 1).




2025-06-21::09:26:01: SELECT filename FROM uploads WHERE status = 1 ORDER BY id DESC LIMIT 5
2025-06-21::09:26:01: No pending file found (status = 1).




2025-06-21::09:27:01: SELECT filename FROM uploads WHERE status = 1 ORDER BY id DESC LIMIT 5
2025-06-21::09:27:01: No pending file found (status = 1).




2025-06-21::09:28:02: SELECT filename FROM uploads WHERE status = 1 ORDER BY id DESC LIMIT 5
2025-06-21::09:28:02: No pending file found (status = 1).




2025-06-21::09:29:01: SELECT filename FROM uploads WHERE status = 1 ORDER BY id DESC LIMIT 5
2025-06-21::09:29:01: No pending file found (status = 1).




2025-06-21::09:30:01: SELECT filename FROM uploads WHERE status = 1 ORDER BY id DESC LIMIT 5
2025-06-21::09:30:01: No pending file found (status = 1).




2025-06-21::09:31:01: SELECT filename FROM uploads WHERE status = 1 ORDER BY id DESC LIMIT 5
2025-06-21::09:31:01: No pending file found (status = 1).




2025-06-21::09:32:01: SELECT filename FROM uploads WHERE status = 1 ORDER BY id DESC LIMIT 5
2025-06-21::09:32:01: No pending file found (status = 1).




2025-06-21::09:33:01: SELECT filename FROM uploads WHERE status = 1 ORDER BY id DESC LIMIT 5
2025-06-21::09:33:01: No pending file found (status = 1).




2025-06-21::09:34:01: SELECT filename FROM uploads WHERE status = 1 ORDER BY id DESC LIMIT 5
2025-06-21::09:34:01: No pending file found (status = 1).




2025-06-21::09:35:01: SELECT filename FROM uploads WHERE status = 1 ORDER BY id DESC LIMIT 5
2025-06-21::09:35:01: No pending file found (status = 1).




2025-06-21::09:36:01: SELECT filename FROM uploads WHERE status = 1 ORDER BY id DESC LIMIT 5
2025-06-21::09:36:01: No pending file found (status = 1).




2025-06-21::09:37:01: SELECT filename FROM uploads WHERE status = 1 ORDER BY id DESC LIMIT 5
2025-06-21::09:37:01: No pending file found (status = 1).




2025-06-21::09:38:01: SELECT filename FROM uploads WHERE status = 1 ORDER BY id DESC LIMIT 5
2025-06-21::09:38:01: No pending file found (status = 1).




2025-06-21::09:39:01: SELECT filename FROM uploads WHERE status = 1 ORDER BY id DESC LIMIT 5
2025-06-21::09:39:01: No pending file found (status = 1).




2025-06-21::09:40:01: SELECT filename FROM uploads WHERE status = 1 ORDER BY id DESC LIMIT 5
2025-06-21::09:40:01: No pending file found (status = 1).




2025-06-21::09:41:01: SELECT filename FROM uploads WHERE status = 1 ORDER BY id DESC LIMIT 5
2025-06-21::09:41:01: No pending file found (status = 1).




2025-06-21::09:42:01: SELECT filename FROM uploads WHERE status = 1 ORDER BY id DESC LIMIT 5
2025-06-21::09:42:01: No pending file found (status = 1).




2025-06-21::09:43:01: SELECT filename FROM uploads WHERE status = 1 ORDER BY id DESC LIMIT 5
2025-06-21::09:43:01: No pending file found (status = 1).




2025-06-21::09:44:01: SELECT filename FROM uploads WHERE status = 1 ORDER BY id DESC LIMIT 5
2025-06-21::09:44:01: No pending file found (status = 1).




2025-06-21::09:45:01: SELECT filename FROM uploads WHERE status = 1 ORDER BY id DESC LIMIT 5
2025-06-21::09:45:01: No pending file found (status = 1).




2025-06-21::09:46:01: SELECT filename FROM uploads WHERE status = 1 ORDER BY id DESC LIMIT 5
2025-06-21::09:46:01: No pending file found (status = 1).




2025-06-21::09:47:01: SELECT filename FROM uploads WHERE status = 1 ORDER BY id DESC LIMIT 5
2025-06-21::09:47:01: No pending file found (status = 1).




2025-06-21::09:48:01: SELECT filename FROM uploads WHERE status = 1 ORDER BY id DESC LIMIT 5
2025-06-21::09:48:01: No pending file found (status = 1).




2025-06-21::09:49:01: SELECT filename FROM uploads WHERE status = 1 ORDER BY id DESC LIMIT 5
2025-06-21::09:49:01: No pending file found (status = 1).




2025-06-21::09:50:01: SELECT filename FROM uploads WHERE status = 1 ORDER BY id DESC LIMIT 5
2025-06-21::09:50:01: No pending file found (status = 1).




2025-06-21::09:51:01: SELECT filename FROM uploads WHERE status = 1 ORDER BY id DESC LIMIT 5
2025-06-21::09:51:01: No pending file found (status = 1).




2025-06-21::09:52:01: SELECT filename FROM uploads WHERE status = 1 ORDER BY id DESC LIMIT 5
2025-06-21::09:52:01: No pending file found (status = 1).




2025-06-21::09:53:01: SELECT filename FROM uploads WHERE status = 1 ORDER BY id DESC LIMIT 5
2025-06-21::09:53:01: No pending file found (status = 1).




2025-06-21::09:54:01: SELECT filename FROM uploads WHERE status = 1 ORDER BY id DESC LIMIT 5
2025-06-21::09:54:01: No pending file found (status = 1).




2025-06-21::09:55:01: SELECT filename FROM uploads WHERE status = 1 ORDER BY id DESC LIMIT 5
2025-06-21::09:55:01: No pending file found (status = 1).




2025-06-21::09:56:01: SELECT filename FROM uploads WHERE status = 1 ORDER BY id DESC LIMIT 5
2025-06-21::09:56:01: No pending file found (status = 1).




2025-06-21::09:57:01: SELECT filename FROM uploads WHERE status = 1 ORDER BY id DESC LIMIT 5
2025-06-21::09:57:01: No pending file found (status = 1).




2025-06-21::09:58:02: SELECT filename FROM uploads WHERE status = 1 ORDER BY id DESC LIMIT 5
2025-06-21::09:58:02: No pending file found (status = 1).




2025-06-21::09:59:01: SELECT filename FROM uploads WHERE status = 1 ORDER BY id DESC LIMIT 5
2025-06-21::09:59:01: No pending file found (status = 1).




2025-06-21::10:00:01: SELECT filename FROM uploads WHERE status = 1 ORDER BY id DESC LIMIT 5
2025-06-21::10:00:01: No pending file found (status = 1).




2025-06-21::10:01:01: SELECT filename FROM uploads WHERE status = 1 ORDER BY id DESC LIMIT 5
2025-06-21::10:01:01: No pending file found (status = 1).




2025-06-21::10:02:01: SELECT filename FROM uploads WHERE status = 1 ORDER BY id DESC LIMIT 5
2025-06-21::10:02:01: No pending file found (status = 1).




2025-06-21::10:03:01: SELECT filename FROM uploads WHERE status = 1 ORDER BY id DESC LIMIT 5
2025-06-21::10:03:01: No pending file found (status = 1).




2025-06-21::10:04:01: SELECT filename FROM uploads WHERE status = 1 ORDER BY id DESC LIMIT 5
2025-06-21::10:04:01: No pending file found (status = 1).




2025-06-21::10:05:01: SELECT filename FROM uploads WHERE status = 1 ORDER BY id DESC LIMIT 5
2025-06-21::10:05:01: No pending file found (status = 1).




2025-06-21::10:06:01: SELECT filename FROM uploads WHERE status = 1 ORDER BY id DESC LIMIT 5
2025-06-21::10:06:01: No pending file found (status = 1).




2025-06-21::10:07:01: SELECT filename FROM uploads WHERE status = 1 ORDER BY id DESC LIMIT 5
2025-06-21::10:07:01: No pending file found (status = 1).




2025-06-21::10:08:01: SELECT filename FROM uploads WHERE status = 1 ORDER BY id DESC LIMIT 5
2025-06-21::10:08:01: No pending file found (status = 1).




2025-06-21::10:09:01: SELECT filename FROM uploads WHERE status = 1 ORDER BY id DESC LIMIT 5
2025-06-21::10:09:01: /home/shivam/My-Portfolio/Portfolio/backend/uploads/random_usersx.csv_685684b2ce4ca
2025-06-21::10:09:01: CSV data imported into 'users' table.
2025-06-21::10:09:01: Upload status updated to 2.




2025-06-21::10:10:01: SELECT filename FROM uploads WHERE status = 1 ORDER BY id DESC LIMIT 5
2025-06-21::10:10:01: /home/shivam/My-Portfolio/Portfolio/backend/uploads/random_usersx.csv_685684bf6ed78
2025-06-21::10:10:01: CSV data imported into 'users' table.
2025-06-21::10:10:01: Upload status updated to 2.




2025-06-21::10:11:01: SELECT filename FROM uploads WHERE status = 1 ORDER BY id DESC LIMIT 5
2025-06-21::10:11:01: No pending file found (status = 1).




2025-06-21::10:12:01: SELECT filename FROM uploads WHERE status = 1 ORDER BY id DESC LIMIT 5
2025-06-21::10:12:01: No pending file found (status = 1).




2025-06-21::10:13:01: SELECT filename FROM uploads WHERE status = 1 ORDER BY id DESC LIMIT 5
2025-06-21::10:13:01: No pending file found (status = 1).




2025-06-21::10:14:01: SELECT filename FROM uploads WHERE status = 1 ORDER BY id DESC LIMIT 5
2025-06-21::10:14:01: No pending file found (status = 1).




2025-06-21::10:15:01: SELECT filename FROM uploads WHERE status = 1 ORDER BY id DESC LIMIT 5
2025-06-21::10:15:01: No pending file found (status = 1).




2025-06-21::10:16:01: SELECT filename FROM uploads WHERE status = 1 ORDER BY id DESC LIMIT 5
2025-06-21::10:16:01: No pending file found (status = 1).




2025-06-21::10:17:01: SELECT filename FROM uploads WHERE status = 1 ORDER BY id DESC LIMIT 5
2025-06-21::10:17:01: No pending file found (status = 1).




2025-06-21::10:18:01: SELECT filename FROM uploads WHERE status = 1 ORDER BY id DESC LIMIT 5
2025-06-21::10:18:01: /home/shivam/My-Portfolio/Portfolio/backend/uploads/random_usersx.csv_685686caf1859
2025-06-21::10:18:01: CSV data imported into 'users' table.
2025-06-21::10:18:01: Upload status updated to 2.




2025-06-21::10:19:01: SELECT filename FROM uploads WHERE status = 1 ORDER BY id DESC LIMIT 5
2025-06-21::10:19:01: /home/shivam/My-Portfolio/Portfolio/backend/uploads/random_users.csv_68568705359b3
2025-06-21::10:19:01: CSV data imported into 'users' table.
2025-06-21::10:19:01: Upload status updated to 2.




2025-06-21::10:20:01: SELECT filename FROM uploads WHERE status = 1 ORDER BY id DESC LIMIT 5
2025-06-21::10:20:01: No pending file found (status = 1).




2025-06-21::10:21:01: SELECT filename FROM uploads WHERE status = 1 ORDER BY id DESC LIMIT 5
2025-06-21::10:21:01: No pending file found (status = 1).




2025-06-21::10:22:01: SELECT filename FROM uploads WHERE status = 1 ORDER BY id DESC LIMIT 5
2025-06-21::10:22:01: No pending file found (status = 1).




2025-06-21::10:23:01: SELECT filename FROM uploads WHERE status = 1 ORDER BY id DESC LIMIT 5
2025-06-21::10:23:01: No pending file found (status = 1).




2025-06-21::10:24:01: SELECT filename FROM uploads WHERE status = 1 ORDER BY id DESC LIMIT 5
2025-06-21::10:24:01: No pending file found (status = 1).




2025-06-21::10:57:21: SELECT filename FROM uploads WHERE status = 1 ORDER BY id DESC LIMIT 5
2025-06-21::10:57:21: No pending file found (status = 1).




2025-06-21::10:58:01: SELECT filename FROM uploads WHERE status = 1 ORDER BY id DESC LIMIT 5
2025-06-21::10:58:01: No pending file found (status = 1).




2025-06-21::10:59:01: SELECT filename FROM uploads WHERE status = 1 ORDER BY id DESC LIMIT 5
2025-06-21::10:59:01: No pending file found (status = 1).




2025-06-21::11:00:01: SELECT filename FROM uploads WHERE status = 1 ORDER BY id DESC LIMIT 5
2025-06-21::11:00:01: No pending file found (status = 1).




2025-06-21::11:01:01: SELECT filename FROM uploads WHERE status = 1 ORDER BY id DESC LIMIT 5
2025-06-21::11:01:01: No pending file found (status = 1).




2025-06-21::11:02:02: SELECT filename FROM uploads WHERE status = 1 ORDER BY id DESC LIMIT 5
2025-06-21::11:02:02: No pending file found (status = 1).




2025-06-21::11:03:01: SELECT filename FROM uploads WHERE status = 1 ORDER BY id DESC LIMIT 5
2025-06-21::11:03:01: No pending file found (status = 1).




2025-06-21::11:04:01: SELECT filename FROM uploads WHERE status = 1 ORDER BY id DESC LIMIT 5
2025-06-21::11:04:01: No pending file found (status = 1).




2025-06-21::11:05:01: SELECT filename FROM uploads WHERE status = 1 ORDER BY id DESC LIMIT 5
2025-06-21::11:05:01: No pending file found (status = 1).




2025-06-21::11:06:01: SELECT filename FROM uploads WHERE status = 1 ORDER BY id DESC LIMIT 5
2025-06-21::11:06:01: No pending file found (status = 1).




2025-06-21::11:07:01: SELECT filename FROM uploads WHERE status = 1 ORDER BY id DESC LIMIT 5
2025-06-21::11:07:01: No pending file found (status = 1).




2025-06-21::11:08:01: SELECT filename FROM uploads WHERE status = 1 ORDER BY id DESC LIMIT 5
2025-06-21::11:08:01: No pending file found (status = 1).




2025-06-21::11:09:01: SELECT filename FROM uploads WHERE status = 1 ORDER BY id DESC LIMIT 5
2025-06-21::11:09:01: No pending file found (status = 1).




2025-06-21::11:10:01: SELECT filename FROM uploads WHERE status = 1 ORDER BY id DESC LIMIT 5
2025-06-21::11:10:01: No pending file found (status = 1).




2025-06-21::11:11:01: SELECT filename FROM uploads WHERE status = 1 ORDER BY id DESC LIMIT 5
2025-06-21::11:11:01: No pending file found (status = 1).




2025-06-21::11:12:01: SELECT filename FROM uploads WHERE status = 1 ORDER BY id DESC LIMIT 5
2025-06-21::11:12:01: No pending file found (status = 1).




2025-06-21::11:13:01: SELECT filename FROM uploads WHERE status = 1 ORDER BY id DESC LIMIT 5
2025-06-21::11:13:01: No pending file found (status = 1).




2025-06-21::11:14:01: SELECT filename FROM uploads WHERE status = 1 ORDER BY id DESC LIMIT 5
2025-06-21::11:14:01: No pending file found (status = 1).




2025-06-21::11:15:01: Script already running




2025-06-21::11:16:01: SELECT filename FROM uploads WHERE status = 1 ORDER BY id DESC LIMIT 5
2025-06-21::11:16:01: No pending file found (status = 1).




2025-06-21::11:17:01: SELECT filename FROM uploads WHERE status = 1 ORDER BY id DESC LIMIT 5
2025-06-21::11:17:01: No pending file found (status = 1).




2025-06-21::11:18:01: SELECT filename FROM uploads WHERE status = 1 ORDER BY id DESC LIMIT 5
2025-06-21::11:18:01: No pending file found (status = 1).




2025-06-21::11:19:01: SELECT filename FROM uploads WHERE status = 1 ORDER BY id DESC LIMIT 5
2025-06-21::11:19:01: No pending file found (status = 1).




